<?xml version="1.0" encoding="UTF-8"?>
<testng-results ignored="0" total="1" passed="1" failed="0" skipped="0">
  <reporter-output>
  </reporter-output>
  <suite started-at="2023-02-21T13:04:40 CST" name="Default suite" finished-at="2023-02-21T13:04:46 CST" duration-ms="5579">
    <groups>
    </groups>
    <test started-at="2023-02-21T13:04:40 CST" name="Default test" finished-at="2023-02-21T13:04:46 CST" duration-ms="5579">
      <class name="Test_Scenarios.SearchTest">
        <test-method is-config="true" signature="beforetest()[pri:0, instance:Test_Scenarios.SearchTest@1e0b4072]" started-at="2023-02-21T13:04:40 CST" name="beforetest" finished-at="2023-02-21T13:04:43 CST" duration-ms="3243" status="PASS">
          <reporter-output>
          </reporter-output>
        </test-method> <!-- beforetest -->
        <test-method signature="SearchTestOp()[pri:1, instance:Test_Scenarios.SearchTest@1e0b4072]" started-at="2023-02-21T13:04:43 CST" name="SearchTestOp" finished-at="2023-02-21T13:04:45 CST" duration-ms="2186" status="PASS">
          <reporter-output>
          </reporter-output>
        </test-method> <!-- SearchTestOp -->
        <test-method is-config="true" signature="afterTest()[pri:0, instance:Test_Scenarios.SearchTest@1e0b4072]" started-at="2023-02-21T13:04:45 CST" name="afterTest" finished-at="2023-02-21T13:04:46 CST" duration-ms="108" status="PASS">
          <reporter-output>
          </reporter-output>
        </test-method> <!-- afterTest -->
      </class> <!-- Test_Scenarios.SearchTest -->
    </test> <!-- Default test -->
  </suite> <!-- Default suite -->
</testng-results>
